[27-Aug-2017 14:18:35 Asia/Tokyo] PHP Parse error:  syntax error, unexpected end of file in /home/ubuntu/workspace/microposts/storage/framework/views/692858380dc874cb791e66fc4f491b01 on line 28
[27-Aug-2017 14:18:35 Asia/Tokyo] PHP Stack trace:
[27-Aug-2017 14:18:35 Asia/Tokyo] PHP   1. {main}() /home/ubuntu/workspace/microposts/server.php:0
[27-Aug-2017 14:18:35 Asia/Tokyo] PHP   2. require_once() /home/ubuntu/workspace/microposts/server.php:21
[27-Aug-2017 14:18:35 Asia/Tokyo] PHP   3. Illuminate\Foundation\Http\Kernel->handle() /home/ubuntu/workspace/microposts/public/index.php:54
[27-Aug-2017 14:18:35 Asia/Tokyo] PHP   4. Illuminate\Foundation\Http\Kernel->sendRequestThroughRouter() /home/ubuntu/workspace/microposts/vendor/laravel/framework/src/Illuminate/Foundation/Http/Kernel.php:87
[27-Aug-2017 14:18:35 Asia/Tokyo] PHP   5. Illuminate\Pipeline\Pipeline->then() /home/ubuntu/workspace/microposts/vendor/laravel/framework/src/Illuminate/Foundation/Http/Kernel.php:122
[27-Aug-2017 14:18:35 Asia/Tokyo] PHP   6. call_user_func:{/home/ubuntu/workspace/microposts/vendor/laravel/framework/src/Illuminate/Pipeline/Pipeline.php:103}() /home/ubuntu/workspace/microposts/vendor/laravel/framework/src/Illuminate/Pipeline/Pipeline.php:103
[27-Aug-2017 14:18:35 Asia/Tokyo] PHP   7. Illuminate\Pipeline\Pipeline->Illuminate\Pipeline\{closure}() /home/ubuntu/workspace/microposts/vendor/laravel/framework/src/Illuminate/Pipeline/Pipeline.php:103
[27-Aug-2017 14:18:35 Asia/Tokyo] PHP   8. call_user_func_array:{/home/ubuntu/workspace/microposts/vendor/laravel/framework/src/Illuminate/Pipeline/Pipeline.php:124}() /home/ubuntu/workspace/microposts/vendor/laravel/framework/src/Illuminate/Pipeline/Pipeline.php:124
[27-Aug-2017 14:18:35 Asia/Tokyo] PHP   9. Illuminate\Foundation\Http\Middleware\CheckForMaintenanceMode->handle() /home/ubuntu/workspace/microposts/vendor/laravel/framework/src/Illuminate/Pipeline/Pipeline.php:124
[27-Aug-2017 14:18:35 Asia/Tokyo] PHP  10. Illuminate\Pipeline\Pipeline->Illuminate\Pipeline\{closure}() /home/ubuntu/workspace/microposts/vendor/laravel/framework/src/Illuminate/Foundation/Http/Middleware/CheckForMaintenanceMode.php:44
[27-Aug-2017 14:18:35 Asia/Tokyo] PHP  11. call_user_func_array:{/home/ubuntu/workspace/microposts/vendor/laravel/framework/src/Illuminate/Pipeline/Pipeline.php:124}() /home/ubuntu/workspace/microposts/vendor/laravel/framework/src/Illuminate/Pipeline/Pipeline.php:124
[27-Aug-2017 14:18:35 Asia/Tokyo] PHP  12. Illuminate\Cookie\Middleware\EncryptCookies->handle() /home/ubuntu/workspace/microposts/vendor/laravel/framework/src/Illuminate/Pipeline/Pipeline.php:124
[27-Aug-2017 14:18:35 Asia/Tokyo] PHP  13. Illuminate\Pipeline\Pipeline->Illuminate\Pipeline\{closure}() /home/ubuntu/workspace/microposts/vendor/laravel/framework/src/Illuminate/Cookie/Middleware/EncryptCookies.php:59
[27-Aug-2017 14:18:35 Asia/Tokyo] PHP  14. call_user_func_array:{/home/ubuntu/workspace/microposts/vendor/laravel/framework/src/Illuminate/Pipeline/Pipeline.php:124}() /home/ubuntu/workspace/microposts/vendor/laravel/framework/src/Illuminate/Pipeline/Pipeline.php:124
[27-Aug-2017 14:18:35 Asia/Tokyo] PHP  15. Illuminate\Cookie\Middleware\AddQueuedCookiesToResponse->handle() /home/ubuntu/workspace/microposts/vendor/laravel/framework/src/Illuminate/Pipeline/Pipeline.php:124
[27-Aug-2017 14:18:35 Asia/Tokyo] PHP  16. Illuminate\Pipeline\Pipeline->Illuminate\Pipeline\{closure}() /home/ubuntu/workspace/microposts/vendor/laravel/framework/src/Illuminate/Cookie/Middleware/AddQueuedCookiesToResponse.php:37
[27-Aug-2017 14:18:35 Asia/Tokyo] PHP  17. call_user_func_array:{/home/ubuntu/workspace/microposts/vendor/laravel/framework/src/Illuminate/Pipeline/Pipeline.php:124}() /home/ubuntu/workspace/microposts/vendor/laravel/framework/src/Illuminate/Pipeline/Pipeline.php:124
[27-Aug-2017 14:18:35 Asia/Tokyo] PHP  18. Illuminate\Session\Middleware\StartSession->handle() /home/ubuntu/workspace/microposts/vendor/laravel/framework/src/Illuminate/Pipeline/Pipeline.php:124
[27-Aug-2017 14:18:35 Asia/Tokyo] PHP  19. Illuminate\Pipeline\Pipeline->Illuminate\Pipeline\{closure}() /home/ubuntu/workspace/microposts/vendor/laravel/framework/src/Illuminate/Session/Middleware/StartSession.php:62
[27-Aug-2017 14:18:35 Asia/Tokyo] PHP  20. call_user_func_array:{/home/ubuntu/workspace/microposts/vendor/laravel/framework/src/Illuminate/Pipeline/Pipeline.php:124}() /home/ubuntu/workspace/microposts/vendor/laravel/framework/src/Illuminate/Pipeline/Pipeline.php:124
[27-Aug-2017 14:18:35 Asia/Tokyo] PHP  21. Illuminate\View\Middleware\ShareErrorsFromSession->handle() /home/ubuntu/workspace/microposts/vendor/laravel/framework/src/Illuminate/Pipeline/Pipeline.php:124
[27-Aug-2017 14:18:35 Asia/Tokyo] PHP  22. Illuminate\Pipeline\Pipeline->Illuminate\Pipeline\{closure}() /home/ubuntu/workspace/microposts/vendor/laravel/framework/src/Illuminate/View/Middleware/ShareErrorsFromSession.php:49
[27-Aug-2017 14:18:35 Asia/Tokyo] PHP  23. call_user_func_array:{/home/ubuntu/workspace/microposts/vendor/laravel/framework/src/Illuminate/Pipeline/Pipeline.php:124}() /home/ubuntu/workspace/microposts/vendor/laravel/framework/src/Illuminate/Pipeline/Pipeline.php:124
[27-Aug-2017 14:18:35 Asia/Tokyo] PHP  24. Illuminate\Foundation\Http\Middleware\VerifyCsrfToken->handle() /home/ubuntu/workspace/microposts/vendor/laravel/framework/src/Illuminate/Pipeline/Pipeline.php:124
[27-Aug-2017 14:18:35 Asia/Tokyo] PHP  25. Illuminate\Pipeline\Pipeline->Illuminate\Pipeline\{closure}() /home/ubuntu/workspace/microposts/vendor/laravel/framework/src/Illuminate/Foundation/Http/Middleware/VerifyCsrfToken.php:50
[27-Aug-2017 14:18:35 Asia/Tokyo] PHP  26. call_user_func:{/home/ubuntu/workspace/microposts/vendor/laravel/framework/src/Illuminate/Pipeline/Pipeline.php:139}() /home/ubuntu/workspace/microposts/vendor/laravel/framework/src/Illuminate/Pipeline/Pipeline.php:139
[27-Aug-2017 14:18:35 Asia/Tokyo] PHP  27. Illuminate\Foundation\Http\Kernel->Illuminate\Foundation\Http\{closure}() /home/ubuntu/workspace/microposts/vendor/laravel/framework/src/Illuminate/Pipeline/Pipeline.php:139
[27-Aug-2017 14:18:35 Asia/Tokyo] PHP  28. Illuminate\Routing\Router->dispatch() /home/ubuntu/workspace/microposts/vendor/laravel/framework/src/Illuminate/Foundation/Http/Kernel.php:236
[27-Aug-2017 14:18:35 Asia/Tokyo] PHP  29. Illuminate\Routing\Router->dispatchToRoute() /home/ubuntu/workspace/microposts/vendor/laravel/framework/src/Illuminate/Routing/Router.php:635
[27-Aug-2017 14:18:35 Asia/Tokyo] PHP  30. Illuminate\Routing\Router->runRouteWithinStack() /home/ubuntu/workspace/microposts/vendor/laravel/framework/src/Illuminate/Routing/Router.php:675
[27-Aug-2017 14:18:35 Asia/Tokyo] PHP  31. Illuminate\Pipeline\Pipeline->then() /home/ubuntu/workspace/microposts/vendor/laravel/framework/src/Illuminate/Routing/Router.php:710
[27-Aug-2017 14:18:35 Asia/Tokyo] PHP  32. call_user_func:{/home/ubuntu/workspace/microposts/vendor/laravel/framework/src/Illuminate/Pipeline/Pipeline.php:103}() /home/ubuntu/workspace/microposts/vendor/laravel/framework/src/Illuminate/Pipeline/Pipeline.php:103
[27-Aug-2017 14:18:35 Asia/Tokyo] PHP  33. Illuminate\Pipeline\Pipeline->Illuminate\Pipeline\{closure}() /home/ubuntu/workspace/microposts/vendor/laravel/framework/src/Illuminate/Pipeline/Pipeline.php:103
[27-Aug-2017 14:18:35 Asia/Tokyo] PHP  34. call_user_func_array:{/home/ubuntu/workspace/microposts/vendor/laravel/framework/src/Illuminate/Pipeline/Pipeline.php:124}() /home/ubuntu/workspace/microposts/vendor/laravel/framework/src/Illuminate/Pipeline/Pipeline.php:124
[27-Aug-2017 14:18:35 Asia/Tokyo] PHP  35. App\Http\Middleware\Authenticate->handle() /home/ubuntu/workspace/microposts/vendor/laravel/framework/src/Illuminate/Pipeline/Pipeline.php:124
[27-Aug-2017 14:18:35 Asia/Tokyo] PHP  36. Illuminate\Pipeline\Pipeline->Illuminate\Pipeline\{closure}() /home/ubuntu/workspace/microposts/app/Http/Middleware/Authenticate.php:45
[27-Aug-2017 14:18:35 Asia/Tokyo] PHP  37. call_user_func:{/home/ubuntu/workspace/microposts/vendor/laravel/framework/src/Illuminate/Pipeline/Pipeline.php:139}() /home/ubuntu/workspace/microposts/vendor/laravel/framework/src/Illuminate/Pipeline/Pipeline.php:139
[27-Aug-2017 14:18:35 Asia/Tokyo] PHP  38. Illuminate\Routing\Router->Illuminate\Routing\{closure}() /home/ubuntu/workspace/microposts/vendor/laravel/framework/src/Illuminate/Pipeline/Pipeline.php:139
[27-Aug-2017 14:18:35 Asia/Tokyo] PHP  39. Illuminate\Routing\Route->run() /home/ubuntu/workspace/microposts/vendor/laravel/framework/src/Illuminate/Routing/Router.php:708
[27-Aug-2017 14:18:35 Asia/Tokyo] PHP  40. Illuminate\Routing\Route->runWithCustomDispatcher() /home/ubuntu/workspace/microposts/vendor/laravel/framework/src/Illuminate/Routing/Route.php:134
[27-Aug-2017 14:18:35 Asia/Tokyo] PHP  41. Illuminate\Routing\ControllerDispatcher->dispatch() /home/ubuntu/workspace/microposts/vendor/laravel/framework/src/Illuminate/Routing/Route.php:203
[27-Aug-2017 14:18:35 Asia/Tokyo] PHP  42. Illuminate\Routing\ControllerDispatcher->callWithinStack() /home/ubuntu/workspace/microposts/vendor/laravel/framework/src/Illuminate/Routing/ControllerDispatcher.php:69
[27-Aug-2017 14:18:35 Asia/Tokyo] PHP  43. Illuminate\Pipeline\Pipeline->then() /home/ubuntu/workspace/microposts/vendor/laravel/framework/src/Illuminate/Routing/ControllerDispatcher.php:114
[27-Aug-2017 14:18:35 Asia/Tokyo] PHP  44. call_user_func:{/home/ubuntu/workspace/microposts/vendor/laravel/framework/src/Illuminate/Pipeline/Pipeline.php:103}() /home/ubuntu/workspace/microposts/vendor/laravel/framework/src/Illuminate/Pipeline/Pipeline.php:103
[27-Aug-2017 14:18:35 Asia/Tokyo] PHP  45. Illuminate\Pipeline\Pipeline->Illuminate\Pipeline\{closure}() /home/ubuntu/workspace/microposts/vendor/laravel/framework/src/Illuminate/Pipeline/Pipeline.php:103
[27-Aug-2017 14:18:35 Asia/Tokyo] PHP  46. call_user_func:{/home/ubuntu/workspace/microposts/vendor/laravel/framework/src/Illuminate/Pipeline/Pipeline.php:139}() /home/ubuntu/workspace/microposts/vendor/laravel/framework/src/Illuminate/Pipeline/Pipeline.php:139
[27-Aug-2017 14:18:35 Asia/Tokyo] PHP  47. Illuminate\Routing\ControllerDispatcher->Illuminate\Routing\{closure}() /home/ubuntu/workspace/microposts/vendor/laravel/framework/src/Illuminate/Pipeline/Pipeline.php:139
[27-Aug-2017 14:18:35 Asia/Tokyo] PHP  48. Illuminate\Routing\Router->prepareResponse() /home/ubuntu/workspace/microposts/vendor/laravel/framework/src/Illuminate/Routing/ControllerDispatcher.php:113
[27-Aug-2017 14:18:35 Asia/Tokyo] PHP  49. Symfony\Component\HttpFoundation\Response->__construct() /home/ubuntu/workspace/microposts/vendor/laravel/framework/src/Illuminate/Routing/Router.php:1229
[27-Aug-2017 14:18:35 Asia/Tokyo] PHP  50. Illuminate\Http\Response->setContent() /home/ubuntu/workspace/microposts/vendor/symfony/http-foundation/Response.php:202
[27-Aug-2017 14:18:35 Asia/Tokyo] PHP  51. Illuminate\View\View->render() /home/ubuntu/workspace/microposts/vendor/laravel/framework/src/Illuminate/Http/Response.php:51
[27-Aug-2017 14:18:35 Asia/Tokyo] PHP  52. Illuminate\View\View->renderContents() /home/ubuntu/workspace/microposts/vendor/laravel/framework/src/Illuminate/View/View.php:83
[27-Aug-2017 14:18:35 Asia/Tokyo] PHP  53. Illuminate\View\View->getContents() /home/ubuntu/workspace/microposts/vendor/laravel/framework/src/Illuminate/View/View.php:118
[27-Aug-2017 14:18:35 Asia/Tokyo] PHP  54. Illuminate\View\Engines\CompilerEngine->get() /home/ubuntu/workspace/microposts/vendor/laravel/framework/src/Illuminate/View/View.php:147
[27-Aug-2017 14:18:35 Asia/Tokyo] PHP  55. Illuminate\View\Engines\PhpEngine->evaluatePath() /home/ubuntu/workspace/microposts/vendor/laravel/framework/src/Illuminate/View/Engines/CompilerEngine.php:58
[27-Aug-2017 14:21:43 Asia/Tokyo] PHP Fatal error:  Class 'App\Http\Controllers\App\Micropost' not found in /home/ubuntu/workspace/microposts/app/Http/Controllers/MicropostsController.php on line 93
[27-Aug-2017 14:21:43 Asia/Tokyo] PHP Stack trace:
[27-Aug-2017 14:21:43 Asia/Tokyo] PHP   1. {main}() /home/ubuntu/workspace/microposts/server.php:0
[27-Aug-2017 14:21:43 Asia/Tokyo] PHP   2. require_once() /home/ubuntu/workspace/microposts/server.php:21
[27-Aug-2017 14:21:43 Asia/Tokyo] PHP   3. Illuminate\Foundation\Http\Kernel->handle() /home/ubuntu/workspace/microposts/public/index.php:54
[27-Aug-2017 14:21:43 Asia/Tokyo] PHP   4. Illuminate\Foundation\Http\Kernel->sendRequestThroughRouter() /home/ubuntu/workspace/microposts/vendor/laravel/framework/src/Illuminate/Foundation/Http/Kernel.php:87
[27-Aug-2017 14:21:43 Asia/Tokyo] PHP   5. Illuminate\Pipeline\Pipeline->then() /home/ubuntu/workspace/microposts/vendor/laravel/framework/src/Illuminate/Foundation/Http/Kernel.php:122
[27-Aug-2017 14:21:43 Asia/Tokyo] PHP   6. call_user_func:{/home/ubuntu/workspace/microposts/vendor/laravel/framework/src/Illuminate/Pipeline/Pipeline.php:103}() /home/ubuntu/workspace/microposts/vendor/laravel/framework/src/Illuminate/Pipeline/Pipeline.php:103
[27-Aug-2017 14:21:43 Asia/Tokyo] PHP   7. Illuminate\Pipeline\Pipeline->Illuminate\Pipeline\{closure}() /home/ubuntu/workspace/microposts/vendor/laravel/framework/src/Illuminate/Pipeline/Pipeline.php:103
[27-Aug-2017 14:21:43 Asia/Tokyo] PHP   8. call_user_func_array:{/home/ubuntu/workspace/microposts/vendor/laravel/framework/src/Illuminate/Pipeline/Pipeline.php:124}() /home/ubuntu/workspace/microposts/vendor/laravel/framework/src/Illuminate/Pipeline/Pipeline.php:124
[27-Aug-2017 14:21:43 Asia/Tokyo] PHP   9. Illuminate\Foundation\Http\Middleware\CheckForMaintenanceMode->handle() /home/ubuntu/workspace/microposts/vendor/laravel/framework/src/Illuminate/Pipeline/Pipeline.php:124
[27-Aug-2017 14:21:43 Asia/Tokyo] PHP  10. Illuminate\Pipeline\Pipeline->Illuminate\Pipeline\{closure}() /home/ubuntu/workspace/microposts/vendor/laravel/framework/src/Illuminate/Foundation/Http/Middleware/CheckForMaintenanceMode.php:44
[27-Aug-2017 14:21:43 Asia/Tokyo] PHP  11. call_user_func_array:{/home/ubuntu/workspace/microposts/vendor/laravel/framework/src/Illuminate/Pipeline/Pipeline.php:124}() /home/ubuntu/workspace/microposts/vendor/laravel/framework/src/Illuminate/Pipeline/Pipeline.php:124
[27-Aug-2017 14:21:43 Asia/Tokyo] PHP  12. Illuminate\Cookie\Middleware\EncryptCookies->handle() /home/ubuntu/workspace/microposts/vendor/laravel/framework/src/Illuminate/Pipeline/Pipeline.php:124
[27-Aug-2017 14:21:43 Asia/Tokyo] PHP  13. Illuminate\Pipeline\Pipeline->Illuminate\Pipeline\{closure}() /home/ubuntu/workspace/microposts/vendor/laravel/framework/src/Illuminate/Cookie/Middleware/EncryptCookies.php:59
[27-Aug-2017 14:21:43 Asia/Tokyo] PHP  14. call_user_func_array:{/home/ubuntu/workspace/microposts/vendor/laravel/framework/src/Illuminate/Pipeline/Pipeline.php:124}() /home/ubuntu/workspace/microposts/vendor/laravel/framework/src/Illuminate/Pipeline/Pipeline.php:124
[27-Aug-2017 14:21:43 Asia/Tokyo] PHP  15. Illuminate\Cookie\Middleware\AddQueuedCookiesToResponse->handle() /home/ubuntu/workspace/microposts/vendor/laravel/framework/src/Illuminate/Pipeline/Pipeline.php:124
[27-Aug-2017 14:21:43 Asia/Tokyo] PHP  16. Illuminate\Pipeline\Pipeline->Illuminate\Pipeline\{closure}() /home/ubuntu/workspace/microposts/vendor/laravel/framework/src/Illuminate/Cookie/Middleware/AddQueuedCookiesToResponse.php:37
[27-Aug-2017 14:21:43 Asia/Tokyo] PHP  17. call_user_func_array:{/home/ubuntu/workspace/microposts/vendor/laravel/framework/src/Illuminate/Pipeline/Pipeline.php:124}() /home/ubuntu/workspace/microposts/vendor/laravel/framework/src/Illuminate/Pipeline/Pipeline.php:124
[27-Aug-2017 14:21:43 Asia/Tokyo] PHP  18. Illuminate\Session\Middleware\StartSession->handle() /home/ubuntu/workspace/microposts/vendor/laravel/framework/src/Illuminate/Pipeline/Pipeline.php:124
[27-Aug-2017 14:21:43 Asia/Tokyo] PHP  19. Illuminate\Pipeline\Pipeline->Illuminate\Pipeline\{closure}() /home/ubuntu/workspace/microposts/vendor/laravel/framework/src/Illuminate/Session/Middleware/StartSession.php:62
[27-Aug-2017 14:21:43 Asia/Tokyo] PHP  20. call_user_func_array:{/home/ubuntu/workspace/microposts/vendor/laravel/framework/src/Illuminate/Pipeline/Pipeline.php:124}() /home/ubuntu/workspace/microposts/vendor/laravel/framework/src/Illuminate/Pipeline/Pipeline.php:124
[27-Aug-2017 14:21:43 Asia/Tokyo] PHP  21. Illuminate\View\Middleware\ShareErrorsFromSession->handle() /home/ubuntu/workspace/microposts/vendor/laravel/framework/src/Illuminate/Pipeline/Pipeline.php:124
[27-Aug-2017 14:21:43 Asia/Tokyo] PHP  22. Illuminate\Pipeline\Pipeline->Illuminate\Pipeline\{closure}() /home/ubuntu/workspace/microposts/vendor/laravel/framework/src/Illuminate/View/Middleware/ShareErrorsFromSession.php:49
[27-Aug-2017 14:21:43 Asia/Tokyo] PHP  23. call_user_func_array:{/home/ubuntu/workspace/microposts/vendor/laravel/framework/src/Illuminate/Pipeline/Pipeline.php:124}() /home/ubuntu/workspace/microposts/vendor/laravel/framework/src/Illuminate/Pipeline/Pipeline.php:124
[27-Aug-2017 14:21:43 Asia/Tokyo] PHP  24. Illuminate\Foundation\Http\Middleware\VerifyCsrfToken->handle() /home/ubuntu/workspace/microposts/vendor/laravel/framework/src/Illuminate/Pipeline/Pipeline.php:124
[27-Aug-2017 14:21:43 Asia/Tokyo] PHP  25. Illuminate\Pipeline\Pipeline->Illuminate\Pipeline\{closure}() /home/ubuntu/workspace/microposts/vendor/laravel/framework/src/Illuminate/Foundation/Http/Middleware/VerifyCsrfToken.php:50
[27-Aug-2017 14:21:43 Asia/Tokyo] PHP  26. call_user_func:{/home/ubuntu/workspace/microposts/vendor/laravel/framework/src/Illuminate/Pipeline/Pipeline.php:139}() /home/ubuntu/workspace/microposts/vendor/laravel/framework/src/Illuminate/Pipeline/Pipeline.php:139
[27-Aug-2017 14:21:43 Asia/Tokyo] PHP  27. Illuminate\Foundation\Http\Kernel->Illuminate\Foundation\Http\{closure}() /home/ubuntu/workspace/microposts/vendor/laravel/framework/src/Illuminate/Pipeline/Pipeline.php:139
[27-Aug-2017 14:21:43 Asia/Tokyo] PHP  28. Illuminate\Routing\Router->dispatch() /home/ubuntu/workspace/microposts/vendor/laravel/framework/src/Illuminate/Foundation/Http/Kernel.php:236
[27-Aug-2017 14:21:43 Asia/Tokyo] PHP  29. Illuminate\Routing\Router->dispatchToRoute() /home/ubuntu/workspace/microposts/vendor/laravel/framework/src/Illuminate/Routing/Router.php:635
[27-Aug-2017 14:21:43 Asia/Tokyo] PHP  30. Illuminate\Routing\Router->runRouteWithinStack() /home/ubuntu/workspace/microposts/vendor/laravel/framework/src/Illuminate/Routing/Router.php:675
[27-Aug-2017 14:21:43 Asia/Tokyo] PHP  31. Illuminate\Pipeline\Pipeline->then() /home/ubuntu/workspace/microposts/vendor/laravel/framework/src/Illuminate/Routing/Router.php:710
[27-Aug-2017 14:21:43 Asia/Tokyo] PHP  32. call_user_func:{/home/ubuntu/workspace/microposts/vendor/laravel/framework/src/Illuminate/Pipeline/Pipeline.php:103}() /home/ubuntu/workspace/microposts/vendor/laravel/framework/src/Illuminate/Pipeline/Pipeline.php:103
[27-Aug-2017 14:21:43 Asia/Tokyo] PHP  33. Illuminate\Pipeline\Pipeline->Illuminate\Pipeline\{closure}() /home/ubuntu/workspace/microposts/vendor/laravel/framework/src/Illuminate/Pipeline/Pipeline.php:103
[27-Aug-2017 14:21:43 Asia/Tokyo] PHP  34. call_user_func_array:{/home/ubuntu/workspace/microposts/vendor/laravel/framework/src/Illuminate/Pipeline/Pipeline.php:124}() /home/ubuntu/workspace/microposts/vendor/laravel/framework/src/Illuminate/Pipeline/Pipeline.php:124
[27-Aug-2017 14:21:43 Asia/Tokyo] PHP  35. App\Http\Middleware\Authenticate->handle() /home/ubuntu/workspace/microposts/vendor/laravel/framework/src/Illuminate/Pipeline/Pipeline.php:124
[27-Aug-2017 14:21:43 Asia/Tokyo] PHP  36. Illuminate\Pipeline\Pipeline->Illuminate\Pipeline\{closure}() /home/ubuntu/workspace/microposts/app/Http/Middleware/Authenticate.php:45
[27-Aug-2017 14:21:43 Asia/Tokyo] PHP  37. call_user_func:{/home/ubuntu/workspace/microposts/vendor/laravel/framework/src/Illuminate/Pipeline/Pipeline.php:139}() /home/ubuntu/workspace/microposts/vendor/laravel/framework/src/Illuminate/Pipeline/Pipeline.php:139
[27-Aug-2017 14:21:43 Asia/Tokyo] PHP  38. Illuminate\Routing\Router->Illuminate\Routing\{closure}() /home/ubuntu/workspace/microposts/vendor/laravel/framework/src/Illuminate/Pipeline/Pipeline.php:139
[27-Aug-2017 14:21:43 Asia/Tokyo] PHP  39. Illuminate\Routing\Route->run() /home/ubuntu/workspace/microposts/vendor/laravel/framework/src/Illuminate/Routing/Router.php:708
[27-Aug-2017 14:21:43 Asia/Tokyo] PHP  40. Illuminate\Routing\Route->runWithCustomDispatcher() /home/ubuntu/workspace/microposts/vendor/laravel/framework/src/Illuminate/Routing/Route.php:134
[27-Aug-2017 14:21:43 Asia/Tokyo] PHP  41. Illuminate\Routing\ControllerDispatcher->dispatch() /home/ubuntu/workspace/microposts/vendor/laravel/framework/src/Illuminate/Routing/Route.php:203
[27-Aug-2017 14:21:43 Asia/Tokyo] PHP  42. Illuminate\Routing\ControllerDispatcher->callWithinStack() /home/ubuntu/workspace/microposts/vendor/laravel/framework/src/Illuminate/Routing/ControllerDispatcher.php:69
[27-Aug-2017 14:21:43 Asia/Tokyo] PHP  43. Illuminate\Pipeline\Pipeline->then() /home/ubuntu/workspace/microposts/vendor/laravel/framework/src/Illuminate/Routing/ControllerDispatcher.php:114
[27-Aug-2017 14:21:43 Asia/Tokyo] PHP  44. call_user_func:{/home/ubuntu/workspace/microposts/vendor/laravel/framework/src/Illuminate/Pipeline/Pipeline.php:103}() /home/ubuntu/workspace/microposts/vendor/laravel/framework/src/Illuminate/Pipeline/Pipeline.php:103
[27-Aug-2017 14:21:43 Asia/Tokyo] PHP  45. Illuminate\Pipeline\Pipeline->Illuminate\Pipeline\{closure}() /home/ubuntu/workspace/microposts/vendor/laravel/framework/src/Illuminate/Pipeline/Pipeline.php:103
[27-Aug-2017 14:21:43 Asia/Tokyo] PHP  46. call_user_func:{/home/ubuntu/workspace/microposts/vendor/laravel/framework/src/Illuminate/Pipeline/Pipeline.php:139}() /home/ubuntu/workspace/microposts/vendor/laravel/framework/src/Illuminate/Pipeline/Pipeline.php:139
[27-Aug-2017 14:21:43 Asia/Tokyo] PHP  47. Illuminate\Routing\ControllerDispatcher->Illuminate\Routing\{closure}() /home/ubuntu/workspace/microposts/vendor/laravel/framework/src/Illuminate/Pipeline/Pipeline.php:139
[27-Aug-2017 14:21:43 Asia/Tokyo] PHP  48. Illuminate\Routing\ControllerDispatcher->call() /home/ubuntu/workspace/microposts/vendor/laravel/framework/src/Illuminate/Routing/ControllerDispatcher.php:112
[27-Aug-2017 14:21:43 Asia/Tokyo] PHP  49. Illuminate\Routing\Controller->callAction() /home/ubuntu/workspace/microposts/vendor/laravel/framework/src/Illuminate/Routing/ControllerDispatcher.php:164
[27-Aug-2017 14:21:43 Asia/Tokyo] PHP  50. call_user_func_array:{/home/ubuntu/workspace/microposts/vendor/laravel/framework/src/Illuminate/Routing/Controller.php:256}() /home/ubuntu/workspace/microposts/vendor/laravel/framework/src/Illuminate/Routing/Controller.php:256
[27-Aug-2017 14:21:43 Asia/Tokyo] PHP  51. App\Http\Controllers\MicropostsController->destroy() /home/ubuntu/workspace/microposts/vendor/laravel/framework/src/Illuminate/Routing/Controller.php:256
[27-Aug-2017 14:22:37 Asia/Tokyo] PHP Fatal error:  Class 'App\Http\Controllers\Micropost' not found in /home/ubuntu/workspace/microposts/app/Http/Controllers/MicropostsController.php on line 93
[27-Aug-2017 14:22:37 Asia/Tokyo] PHP Stack trace:
[27-Aug-2017 14:22:37 Asia/Tokyo] PHP   1. {main}() /home/ubuntu/workspace/microposts/server.php:0
[27-Aug-2017 14:22:37 Asia/Tokyo] PHP   2. require_once() /home/ubuntu/workspace/microposts/server.php:21
[27-Aug-2017 14:22:37 Asia/Tokyo] PHP   3. Illuminate\Foundation\Http\Kernel->handle() /home/ubuntu/workspace/microposts/public/index.php:54
[27-Aug-2017 14:22:37 Asia/Tokyo] PHP   4. Illuminate\Foundation\Http\Kernel->sendRequestThroughRouter() /home/ubuntu/workspace/microposts/vendor/laravel/framework/src/Illuminate/Foundation/Http/Kernel.php:87
[27-Aug-2017 14:22:37 Asia/Tokyo] PHP   5. Illuminate\Pipeline\Pipeline->then() /home/ubuntu/workspace/microposts/vendor/laravel/framework/src/Illuminate/Foundation/Http/Kernel.php:122
[27-Aug-2017 14:22:37 Asia/Tokyo] PHP   6. call_user_func:{/home/ubuntu/workspace/microposts/vendor/laravel/framework/src/Illuminate/Pipeline/Pipeline.php:103}() /home/ubuntu/workspace/microposts/vendor/laravel/framework/src/Illuminate/Pipeline/Pipeline.php:103
[27-Aug-2017 14:22:37 Asia/Tokyo] PHP   7. Illuminate\Pipeline\Pipeline->Illuminate\Pipeline\{closure}() /home/ubuntu/workspace/microposts/vendor/laravel/framework/src/Illuminate/Pipeline/Pipeline.php:103
[27-Aug-2017 14:22:37 Asia/Tokyo] PHP   8. call_user_func_array:{/home/ubuntu/workspace/microposts/vendor/laravel/framework/src/Illuminate/Pipeline/Pipeline.php:124}() /home/ubuntu/workspace/microposts/vendor/laravel/framework/src/Illuminate/Pipeline/Pipeline.php:124
[27-Aug-2017 14:22:37 Asia/Tokyo] PHP   9. Illuminate\Foundation\Http\Middleware\CheckForMaintenanceMode->handle() /home/ubuntu/workspace/microposts/vendor/laravel/framework/src/Illuminate/Pipeline/Pipeline.php:124
[27-Aug-2017 14:22:37 Asia/Tokyo] PHP  10. Illuminate\Pipeline\Pipeline->Illuminate\Pipeline\{closure}() /home/ubuntu/workspace/microposts/vendor/laravel/framework/src/Illuminate/Foundation/Http/Middleware/CheckForMaintenanceMode.php:44
[27-Aug-2017 14:22:37 Asia/Tokyo] PHP  11. call_user_func_array:{/home/ubuntu/workspace/microposts/vendor/laravel/framework/src/Illuminate/Pipeline/Pipeline.php:124}() /home/ubuntu/workspace/microposts/vendor/laravel/framework/src/Illuminate/Pipeline/Pipeline.php:124
[27-Aug-2017 14:22:37 Asia/Tokyo] PHP  12. Illuminate\Cookie\Middleware\EncryptCookies->handle() /home/ubuntu/workspace/microposts/vendor/laravel/framework/src/Illuminate/Pipeline/Pipeline.php:124
[27-Aug-2017 14:22:37 Asia/Tokyo] PHP  13. Illuminate\Pipeline\Pipeline->Illuminate\Pipeline\{closure}() /home/ubuntu/workspace/microposts/vendor/laravel/framework/src/Illuminate/Cookie/Middleware/EncryptCookies.php:59
[27-Aug-2017 14:22:37 Asia/Tokyo] PHP  14. call_user_func_array:{/home/ubuntu/workspace/microposts/vendor/laravel/framework/src/Illuminate/Pipeline/Pipeline.php:124}() /home/ubuntu/workspace/microposts/vendor/laravel/framework/src/Illuminate/Pipeline/Pipeline.php:124
[27-Aug-2017 14:22:37 Asia/Tokyo] PHP  15. Illuminate\Cookie\Middleware\AddQueuedCookiesToResponse->handle() /home/ubuntu/workspace/microposts/vendor/laravel/framework/src/Illuminate/Pipeline/Pipeline.php:124
[27-Aug-2017 14:22:37 Asia/Tokyo] PHP  16. Illuminate\Pipeline\Pipeline->Illuminate\Pipeline\{closure}() /home/ubuntu/workspace/microposts/vendor/laravel/framework/src/Illuminate/Cookie/Middleware/AddQueuedCookiesToResponse.php:37
[27-Aug-2017 14:22:37 Asia/Tokyo] PHP  17. call_user_func_array:{/home/ubuntu/workspace/microposts/vendor/laravel/framework/src/Illuminate/Pipeline/Pipeline.php:124}() /home/ubuntu/workspace/microposts/vendor/laravel/framework/src/Illuminate/Pipeline/Pipeline.php:124
[27-Aug-2017 14:22:37 Asia/Tokyo] PHP  18. Illuminate\Session\Middleware\StartSession->handle() /home/ubuntu/workspace/microposts/vendor/laravel/framework/src/Illuminate/Pipeline/Pipeline.php:124
[27-Aug-2017 14:22:37 Asia/Tokyo] PHP  19. Illuminate\Pipeline\Pipeline->Illuminate\Pipeline\{closure}() /home/ubuntu/workspace/microposts/vendor/laravel/framework/src/Illuminate/Session/Middleware/StartSession.php:62
[27-Aug-2017 14:22:37 Asia/Tokyo] PHP  20. call_user_func_array:{/home/ubuntu/workspace/microposts/vendor/laravel/framework/src/Illuminate/Pipeline/Pipeline.php:124}() /home/ubuntu/workspace/microposts/vendor/laravel/framework/src/Illuminate/Pipeline/Pipeline.php:124
[27-Aug-2017 14:22:37 Asia/Tokyo] PHP  21. Illuminate\View\Middleware\ShareErrorsFromSession->handle() /home/ubuntu/workspace/microposts/vendor/laravel/framework/src/Illuminate/Pipeline/Pipeline.php:124
[27-Aug-2017 14:22:37 Asia/Tokyo] PHP  22. Illuminate\Pipeline\Pipeline->Illuminate\Pipeline\{closure}() /home/ubuntu/workspace/microposts/vendor/laravel/framework/src/Illuminate/View/Middleware/ShareErrorsFromSession.php:49
[27-Aug-2017 14:22:37 Asia/Tokyo] PHP  23. call_user_func_array:{/home/ubuntu/workspace/microposts/vendor/laravel/framework/src/Illuminate/Pipeline/Pipeline.php:124}() /home/ubuntu/workspace/microposts/vendor/laravel/framework/src/Illuminate/Pipeline/Pipeline.php:124
[27-Aug-2017 14:22:37 Asia/Tokyo] PHP  24. Illuminate\Foundation\Http\Middleware\VerifyCsrfToken->handle() /home/ubuntu/workspace/microposts/vendor/laravel/framework/src/Illuminate/Pipeline/Pipeline.php:124
[27-Aug-2017 14:22:37 Asia/Tokyo] PHP  25. Illuminate\Pipeline\Pipeline->Illuminate\Pipeline\{closure}() /home/ubuntu/workspace/microposts/vendor/laravel/framework/src/Illuminate/Foundation/Http/Middleware/VerifyCsrfToken.php:50
[27-Aug-2017 14:22:37 Asia/Tokyo] PHP  26. call_user_func:{/home/ubuntu/workspace/microposts/vendor/laravel/framework/src/Illuminate/Pipeline/Pipeline.php:139}() /home/ubuntu/workspace/microposts/vendor/laravel/framework/src/Illuminate/Pipeline/Pipeline.php:139
[27-Aug-2017 14:22:37 Asia/Tokyo] PHP  27. Illuminate\Foundation\Http\Kernel->Illuminate\Foundation\Http\{closure}() /home/ubuntu/workspace/microposts/vendor/laravel/framework/src/Illuminate/Pipeline/Pipeline.php:139
[27-Aug-2017 14:22:37 Asia/Tokyo] PHP  28. Illuminate\Routing\Router->dispatch() /home/ubuntu/workspace/microposts/vendor/laravel/framework/src/Illuminate/Foundation/Http/Kernel.php:236
[27-Aug-2017 14:22:37 Asia/Tokyo] PHP  29. Illuminate\Routing\Router->dispatchToRoute() /home/ubuntu/workspace/microposts/vendor/laravel/framework/src/Illuminate/Routing/Router.php:635
[27-Aug-2017 14:22:37 Asia/Tokyo] PHP  30. Illuminate\Routing\Router->runRouteWithinStack() /home/ubuntu/workspace/microposts/vendor/laravel/framework/src/Illuminate/Routing/Router.php:675
[27-Aug-2017 14:22:37 Asia/Tokyo] PHP  31. Illuminate\Pipeline\Pipeline->then() /home/ubuntu/workspace/microposts/vendor/laravel/framework/src/Illuminate/Routing/Router.php:710
[27-Aug-2017 14:22:37 Asia/Tokyo] PHP  32. call_user_func:{/home/ubuntu/workspace/microposts/vendor/laravel/framework/src/Illuminate/Pipeline/Pipeline.php:103}() /home/ubuntu/workspace/microposts/vendor/laravel/framework/src/Illuminate/Pipeline/Pipeline.php:103
[27-Aug-2017 14:22:37 Asia/Tokyo] PHP  33. Illuminate\Pipeline\Pipeline->Illuminate\Pipeline\{closure}() /home/ubuntu/workspace/microposts/vendor/laravel/framework/src/Illuminate/Pipeline/Pipeline.php:103
[27-Aug-2017 14:22:37 Asia/Tokyo] PHP  34. call_user_func_array:{/home/ubuntu/workspace/microposts/vendor/laravel/framework/src/Illuminate/Pipeline/Pipeline.php:124}() /home/ubuntu/workspace/microposts/vendor/laravel/framework/src/Illuminate/Pipeline/Pipeline.php:124
[27-Aug-2017 14:22:37 Asia/Tokyo] PHP  35. App\Http\Middleware\Authenticate->handle() /home/ubuntu/workspace/microposts/vendor/laravel/framework/src/Illuminate/Pipeline/Pipeline.php:124
[27-Aug-2017 14:22:37 Asia/Tokyo] PHP  36. Illuminate\Pipeline\Pipeline->Illuminate\Pipeline\{closure}() /home/ubuntu/workspace/microposts/app/Http/Middleware/Authenticate.php:45
[27-Aug-2017 14:22:37 Asia/Tokyo] PHP  37. call_user_func:{/home/ubuntu/workspace/microposts/vendor/laravel/framework/src/Illuminate/Pipeline/Pipeline.php:139}() /home/ubuntu/workspace/microposts/vendor/laravel/framework/src/Illuminate/Pipeline/Pipeline.php:139
[27-Aug-2017 14:22:37 Asia/Tokyo] PHP  38. Illuminate\Routing\Router->Illuminate\Routing\{closure}() /home/ubuntu/workspace/microposts/vendor/laravel/framework/src/Illuminate/Pipeline/Pipeline.php:139
[27-Aug-2017 14:22:37 Asia/Tokyo] PHP  39. Illuminate\Routing\Route->run() /home/ubuntu/workspace/microposts/vendor/laravel/framework/src/Illuminate/Routing/Router.php:708
[27-Aug-2017 14:22:37 Asia/Tokyo] PHP  40. Illuminate\Routing\Route->runWithCustomDispatcher() /home/ubuntu/workspace/microposts/vendor/laravel/framework/src/Illuminate/Routing/Route.php:134
[27-Aug-2017 14:22:37 Asia/Tokyo] PHP  41. Illuminate\Routing\ControllerDispatcher->dispatch() /home/ubuntu/workspace/microposts/vendor/laravel/framework/src/Illuminate/Routing/Route.php:203
[27-Aug-2017 14:22:37 Asia/Tokyo] PHP  42. Illuminate\Routing\ControllerDispatcher->callWithinStack() /home/ubuntu/workspace/microposts/vendor/laravel/framework/src/Illuminate/Routing/ControllerDispatcher.php:69
[27-Aug-2017 14:22:37 Asia/Tokyo] PHP  43. Illuminate\Pipeline\Pipeline->then() /home/ubuntu/workspace/microposts/vendor/laravel/framework/src/Illuminate/Routing/ControllerDispatcher.php:114
[27-Aug-2017 14:22:37 Asia/Tokyo] PHP  44. call_user_func:{/home/ubuntu/workspace/microposts/vendor/laravel/framework/src/Illuminate/Pipeline/Pipeline.php:103}() /home/ubuntu/workspace/microposts/vendor/laravel/framework/src/Illuminate/Pipeline/Pipeline.php:103
[27-Aug-2017 14:22:37 Asia/Tokyo] PHP  45. Illuminate\Pipeline\Pipeline->Illuminate\Pipeline\{closure}() /home/ubuntu/workspace/microposts/vendor/laravel/framework/src/Illuminate/Pipeline/Pipeline.php:103
[27-Aug-2017 14:22:37 Asia/Tokyo] PHP  46. call_user_func:{/home/ubuntu/workspace/microposts/vendor/laravel/framework/src/Illuminate/Pipeline/Pipeline.php:139}() /home/ubuntu/workspace/microposts/vendor/laravel/framework/src/Illuminate/Pipeline/Pipeline.php:139
[27-Aug-2017 14:22:37 Asia/Tokyo] PHP  47. Illuminate\Routing\ControllerDispatcher->Illuminate\Routing\{closure}() /home/ubuntu/workspace/microposts/vendor/laravel/framework/src/Illuminate/Pipeline/Pipeline.php:139
[27-Aug-2017 14:22:37 Asia/Tokyo] PHP  48. Illuminate\Routing\ControllerDispatcher->call() /home/ubuntu/workspace/microposts/vendor/laravel/framework/src/Illuminate/Routing/ControllerDispatcher.php:112
[27-Aug-2017 14:22:37 Asia/Tokyo] PHP  49. Illuminate\Routing\Controller->callAction() /home/ubuntu/workspace/microposts/vendor/laravel/framework/src/Illuminate/Routing/ControllerDispatcher.php:164
[27-Aug-2017 14:22:37 Asia/Tokyo] PHP  50. call_user_func_array:{/home/ubuntu/workspace/microposts/vendor/laravel/framework/src/Illuminate/Routing/Controller.php:256}() /home/ubuntu/workspace/microposts/vendor/laravel/framework/src/Illuminate/Routing/Controller.php:256
[27-Aug-2017 14:22:37 Asia/Tokyo] PHP  51. App\Http\Controllers\MicropostsController->destroy() /home/ubuntu/workspace/microposts/vendor/laravel/framework/src/Illuminate/Routing/Controller.php:256
